<?xml version="1.0" encoding="UTF-8"?>
<!-- Generated by org.testng.reporters.JUnitXMLReporter -->
<testsuite ignored="1" hostname="LAPTOP-5TSTS7CI" failures="2" tests="2" name="Test" time="0.678" errors="0" timestamp="2025-09-13T18:04:58 IST">
  <testcase classname="com.ninza.crm.campaignstest.CreateCampaignTest" name="createCampaignWithMandatoryFieldsTest" time="0.622">
    <failure type="java.lang.NullPointerException" message="Cannot invoke &amp;quot;org.openqa.selenium.SearchContext.findElement(org.openqa.selenium.By)&amp;quot; because &amp;quot;this.searchContext&amp;quot; is null">
      <![CDATA[java.lang.NullPointerException: Cannot invoke "org.openqa.selenium.SearchContext.findElement(org.openqa.selenium.By)" because "this.searchContext" is null
at org.openqa.selenium.support.pagefactory.DefaultElementLocator.findElement(DefaultElementLocator.java:68)
at org.openqa.selenium.support.pagefactory.internal.LocatingElementHandler.invoke(LocatingElementHandler.java:38)
at jdk.proxy2/jdk.proxy2.$Proxy21.click(Unknown Source)
at com.ninza.crm.campaignstest.CreateCampaignTest.createCampaignWithMandatoryFieldsTest(CreateCampaignTest.java:47)
at java.base/java.util.ArrayList.forEach(ArrayList.java:1511)
... Removed 27 stack frames]]>
    </failure>
  </testcase> <!-- createCampaignWithMandatoryFieldsTest -->
  <testcase classname="com.ninza.crm.campaignstest.CreateCampaignTest" name="createCampaignWithMandatoryFieldsTest" time="0.639">
    <failure type="java.lang.NullPointerException" message="Cannot invoke &amp;quot;org.openqa.selenium.TakesScreenshot.getScreenshotAs(org.openqa.selenium.OutputType)&amp;quot; because &amp;quot;ts&amp;quot; is null">
      <![CDATA[java.lang.NullPointerException: Cannot invoke "org.openqa.selenium.TakesScreenshot.getScreenshotAs(org.openqa.selenium.OutputType)" because "ts" is null
at com.ninza.crm.listenerUtility.ListenerImplementation.onTestFailure(ListenerImplementation.java:72)
at java.base/java.util.ArrayList.forEach(ArrayList.java:1511)
... Removed 24 stack frames]]>
    </failure>
  </testcase> <!-- createCampaignWithMandatoryFieldsTest -->
  <testcase classname="com.ninza.crm.campaignstest.CreateCampaignTest" name="CreateCampaignWithExpectedDateTest" time="0.0">
    <ignored/>
  </testcase> <!-- CreateCampaignWithExpectedDateTest -->
</testsuite> <!-- Test -->
