<?xml version="1.0" encoding="UTF-8"?>
<testng-results ignored="0" total="2" passed="1" failed="1" skipped="0">
  <reporter-output>
  </reporter-output>
  <suite started-at="2025-09-15T16:08:37 IST" name="Default suite" finished-at="2025-09-15T16:08:44 IST" duration-ms="7132">
    <groups>
      <group name="smoke">
        <method signature="CreateCampaignTest.createCampaignWithMandatoryFieldsTest()[pri:0, instance:com.ninza.crm.campaignstest.CreateCampaignTest@16eb3ea3]" name="createCampaignWithMandatoryFieldsTest" class="com.ninza.crm.campaignstest.CreateCampaignTest"/>
      </group> <!-- smoke -->
      <group name="Regression">
        <method signature="CreateCampaignTest.CreateCampaignWithExpectedDateTest()[pri:0, instance:com.ninza.crm.campaignstest.CreateCampaignTest@16eb3ea3]" name="CreateCampaignWithExpectedDateTest" class="com.ninza.crm.campaignstest.CreateCampaignTest"/>
        <method signature="CreateCampaignTest.createCampaignWithMandatoryFieldsTest()[pri:0, instance:com.ninza.crm.campaignstest.CreateCampaignTest@16eb3ea3]" name="createCampaignWithMandatoryFieldsTest" class="com.ninza.crm.campaignstest.CreateCampaignTest"/>
      </group> <!-- Regression -->
    </groups>
    <test started-at="2025-09-15T16:08:37 IST" name="Default test" finished-at="2025-09-15T16:08:44 IST" duration-ms="7132">
      <class name="com.ninza.crm.campaignstest.CreateCampaignTest">
        <test-method is-config="true" signature="beforeSuite()[pri:0, instance:com.ninza.crm.campaignstest.CreateCampaignTest@16eb3ea3]" started-at="2025-09-15T16:08:37 IST" name="beforeSuite" finished-at="2025-09-15T16:08:37 IST" duration-ms="8" status="PASS">
          <reporter-output>
          </reporter-output>
        </test-method> <!-- beforeSuite -->
        <test-method is-config="true" signature="beforeTest()[pri:0, instance:com.ninza.crm.campaignstest.CreateCampaignTest@16eb3ea3]" started-at="2025-09-15T16:08:37 IST" name="beforeTest" finished-at="2025-09-15T16:08:37 IST" duration-ms="0" status="PASS">
          <reporter-output>
          </reporter-output>
        </test-method> <!-- beforeTest -->
        <test-method is-config="true" signature="beforeClass()[pri:0, instance:com.ninza.crm.campaignstest.CreateCampaignTest@16eb3ea3]" started-at="2025-09-15T16:08:37 IST" name="beforeClass" finished-at="2025-09-15T16:08:38 IST" duration-ms="1081" status="PASS">
          <reporter-output>
          </reporter-output>
        </test-method> <!-- beforeClass -->
        <test-method is-config="true" signature="beforeMethod()[pri:0, instance:com.ninza.crm.campaignstest.CreateCampaignTest@16eb3ea3]" started-at="2025-09-15T16:08:38 IST" name="beforeMethod" finished-at="2025-09-15T16:08:40 IST" duration-ms="2114" status="PASS">
          <reporter-output>
          </reporter-output>
        </test-method> <!-- beforeMethod -->
        <test-method signature="CreateCampaignWithExpectedDateTest()[pri:0, instance:com.ninza.crm.campaignstest.CreateCampaignTest@16eb3ea3]" started-at="2025-09-15T16:08:40 IST" name="CreateCampaignWithExpectedDateTest" finished-at="2025-09-15T16:08:42 IST" duration-ms="1384" status="FAIL">
          <exception class="java.lang.AssertionError">
            <message>
              <![CDATA[expected [true] but found [false]]]>
            </message>
            <full-stacktrace>
              <![CDATA[java.lang.AssertionError: expected [true] but found [false]
at org.testng.Assert.fail(Assert.java:111)
at org.testng.Assert.failNotEquals(Assert.java:1590)
at org.testng.Assert.assertTrue(Assert.java:57)
at org.testng.Assert.assertTrue(Assert.java:67)
at com.ninza.crm.campaignstest.CreateCampaignTest.CreateCampaignWithExpectedDateTest(CreateCampaignTest.java:113)
at java.base/jdk.internal.reflect.NativeMethodAccessorImpl.invoke0(Native Method)
at java.base/jdk.internal.reflect.NativeMethodAccessorImpl.invoke(NativeMethodAccessorImpl.java:77)
at java.base/jdk.internal.reflect.DelegatingMethodAccessorImpl.invoke(DelegatingMethodAccessorImpl.java:43)
at java.base/java.lang.reflect.Method.invoke(Method.java:568)
at org.testng.internal.invokers.MethodInvocationHelper.invokeMethod(MethodInvocationHelper.java:141)
at org.testng.internal.invokers.TestInvoker.invokeMethod(TestInvoker.java:687)
at org.testng.internal.invokers.TestInvoker.invokeTestMethod(TestInvoker.java:230)
at org.testng.internal.invokers.MethodRunner.runInSequence(MethodRunner.java:63)
at org.testng.internal.invokers.TestInvoker$MethodInvocationAgent.invoke(TestInvoker.java:995)
at org.testng.internal.invokers.TestInvoker.invokeTestMethods(TestInvoker.java:203)
at org.testng.internal.invokers.TestMethodWorker.invokeTestMethods(TestMethodWorker.java:154)
at org.testng.internal.invokers.TestMethodWorker.run(TestMethodWorker.java:134)
at java.base/java.util.ArrayList.forEach(ArrayList.java:1511)
at org.testng.TestRunner.privateRun(TestRunner.java:741)
at org.testng.TestRunner.run(TestRunner.java:616)
at org.testng.SuiteRunner.runTest(SuiteRunner.java:421)
at org.testng.SuiteRunner.runSequentially(SuiteRunner.java:413)
at org.testng.SuiteRunner.privateRun(SuiteRunner.java:373)
at org.testng.SuiteRunner.run(SuiteRunner.java:312)
at org.testng.SuiteRunnerWorker.runSuite(SuiteRunnerWorker.java:52)
at org.testng.SuiteRunnerWorker.run(SuiteRunnerWorker.java:95)
at org.testng.TestNG.runSuitesSequentially(TestNG.java:1274)
at org.testng.TestNG.runSuitesLocally(TestNG.java:1208)
at org.testng.TestNG.runSuites(TestNG.java:1112)
at org.testng.TestNG.run(TestNG.java:1079)
at org.testng.remote.AbstractRemoteTestNG.run(AbstractRemoteTestNG.java:115)
at org.testng.remote.RemoteTestNG.initAndRun(RemoteTestNG.java:293)
at org.testng.remote.RemoteTestNG.main(RemoteTestNG.java:91)
]]>
            </full-stacktrace>
          </exception> <!-- java.lang.AssertionError -->
          <reporter-output>
          </reporter-output>
        </test-method> <!-- CreateCampaignWithExpectedDateTest -->
        <test-method is-config="true" signature="afterMethod()[pri:0, instance:com.ninza.crm.campaignstest.CreateCampaignTest@16eb3ea3]" started-at="2025-09-15T16:08:42 IST" name="afterMethod" finished-at="2025-09-15T16:08:42 IST" duration-ms="0" status="PASS">
          <reporter-output>
          </reporter-output>
        </test-method> <!-- afterMethod -->
        <test-method is-config="true" signature="beforeMethod()[pri:0, instance:com.ninza.crm.campaignstest.CreateCampaignTest@16eb3ea3]" started-at="2025-09-15T16:08:42 IST" name="beforeMethod" finished-at="2025-09-15T16:08:43 IST" duration-ms="1179" status="PASS">
          <reporter-output>
          </reporter-output>
        </test-method> <!-- beforeMethod -->
        <test-method signature="createCampaignWithMandatoryFieldsTest()[pri:0, instance:com.ninza.crm.campaignstest.CreateCampaignTest@16eb3ea3]" started-at="2025-09-15T16:08:43 IST" name="createCampaignWithMandatoryFieldsTest" finished-at="2025-09-15T16:08:44 IST" duration-ms="1032" status="PASS">
          <reporter-output>
          </reporter-output>
        </test-method> <!-- createCampaignWithMandatoryFieldsTest -->
        <test-method is-config="true" signature="afterMethod()[pri:0, instance:com.ninza.crm.campaignstest.CreateCampaignTest@16eb3ea3]" started-at="2025-09-15T16:08:44 IST" name="afterMethod" finished-at="2025-09-15T16:08:44 IST" duration-ms="1" status="PASS">
          <reporter-output>
          </reporter-output>
        </test-method> <!-- afterMethod -->
        <test-method is-config="true" signature="afterClass()[pri:0, instance:com.ninza.crm.campaignstest.CreateCampaignTest@16eb3ea3]" started-at="2025-09-15T16:08:44 IST" name="afterClass" finished-at="2025-09-15T16:08:44 IST" duration-ms="167" status="PASS">
          <reporter-output>
          </reporter-output>
        </test-method> <!-- afterClass -->
        <test-method is-config="true" signature="afterTest()[pri:0, instance:com.ninza.crm.campaignstest.CreateCampaignTest@16eb3ea3]" started-at="2025-09-15T16:08:44 IST" name="afterTest" finished-at="2025-09-15T16:08:44 IST" duration-ms="1" status="PASS">
          <reporter-output>
          </reporter-output>
        </test-method> <!-- afterTest -->
        <test-method is-config="true" signature="afterSuite()[pri:0, instance:com.ninza.crm.campaignstest.CreateCampaignTest@16eb3ea3]" started-at="2025-09-15T16:08:44 IST" name="afterSuite" finished-at="2025-09-15T16:08:44 IST" duration-ms="0" status="PASS">
          <reporter-output>
          </reporter-output>
        </test-method> <!-- afterSuite -->
      </class> <!-- com.ninza.crm.campaignstest.CreateCampaignTest -->
    </test> <!-- Default test -->
  </suite> <!-- Default suite -->
</testng-results>
